WARNING 2025-06-22 20:42:01,022 log 1772 6162296832 Forbidden (CSRF token missing.): /track-event/
WARNING 2025-06-22 20:42:01,916 log 1772 6162296832 Forbidden (CSRF token missing.): /track-event/
WARNING 2025-06-22 20:42:03,390 log 1772 6162296832 Forbidden (CSRF token missing.): /track-event/
WARNING 2025-06-22 20:42:04,781 log 1772 6162296832 Forbidden (CSRF token missing.): /track-event/
WARNING 2025-06-22 20:42:07,758 log 1772 6162296832 Forbidden (CSRF token missing.): /track-event/
WARNING 2025-06-22 20:42:39,728 log 1772 6162296832 Forbidden (CSRF token missing.): /track-event/
WARNING 2025-06-22 20:42:41,475 log 1772 6162296832 Forbidden (CSRF token missing.): /track-event/
WARNING 2025-06-22 20:46:39,981 log 1772 6162296832 Forbidden (CSRF token missing.): /track-event/
WARNING 2025-06-22 20:46:42,074 log 1772 6162296832 Forbidden (CSRF token missing.): /track-event/
WARNING 2025-06-22 20:46:43,196 log 1772 6162296832 Forbidden (CSRF token missing.): /track-event/
WARNING 2025-06-22 20:52:27,043 log 2461 6170193920 Forbidden (CSRF token missing.): /track-event/
WARNING 2025-06-22 20:52:27,890 log 2461 6170193920 Forbidden (CSRF token missing.): /track-event/
WARNING 2025-06-22 20:52:31,650 log 2461 6170193920 Forbidden (CSRF token missing.): /track-event/
WARNING 2025-06-22 20:52:32,386 log 2461 6170193920 Forbidden (CSRF token missing.): /track-event/
WARNING 2025-06-22 20:52:34,208 log 2461 6170193920 Forbidden (CSRF token missing.): /track-event/
WARNING 2025-06-22 20:52:59,928 log 2461 6170193920 Forbidden (CSRF token missing.): /track-event/
WARNING 2025-06-22 21:00:36,536 log 2570 6155956224 Forbidden (CSRF token missing.): /track-event/
WARNING 2025-06-22 21:00:37,276 log 2570 6155956224 Forbidden (CSRF token missing.): /track-event/
WARNING 2025-06-22 21:00:38,585 log 2570 6155956224 Forbidden (CSRF token missing.): /track-event/
WARNING 2025-06-22 21:00:39,144 log 2570 6155956224 Forbidden (CSRF token missing.): /track-event/
WARNING 2025-06-22 21:00:40,792 log 2570 6155956224 Forbidden (CSRF token missing.): /track-event/
WARNING 2025-06-22 21:01:00,099 log 2570 6155956224 Forbidden (CSRF token missing.): /track-event/
WARNING 2025-06-22 21:01:11,974 log 2570 6172782592 Forbidden (CSRF token missing.): /track-event/
WARNING 2025-06-22 21:07:59,585 log 2738 6157168640 Forbidden (CSRF token missing.): /track-event/
WARNING 2025-06-22 21:08:00,514 log 2738 6157168640 Forbidden (CSRF token missing.): /track-event/
WARNING 2025-06-22 21:08:01,400 log 2738 6157168640 Forbidden (CSRF token missing.): /track-event/
WARNING 2025-06-22 21:11:55,254 log 3007 6141407232 Forbidden (CSRF token missing.): /track-event/
WARNING 2025-06-22 21:12:20,173 log 3007 6124580864 Forbidden (CSRF token missing.): /track-event/
WARNING 2025-06-22 21:12:21,185 log 3007 6124580864 Forbidden (CSRF token missing.): /track-event/
WARNING 2025-06-22 21:15:03,463 log 3007 6124580864 Forbidden (CSRF token missing.): /track-event/
WARNING 2025-06-22 21:17:01,687 log 3229 6128250880 Forbidden (CSRF token missing.): /track-event/
WARNING 2025-06-22 21:17:03,814 log 3229 6128250880 Forbidden (CSRF token missing.): /track-event/
WARNING 2025-06-22 21:25:17,924 log 1559 6215544832 Forbidden (CSRF token missing.): /track-event/
WARNING 2025-06-22 21:25:19,245 log 1559 6215544832 Forbidden (CSRF token missing.): /track-event/
WARNING 2025-06-22 21:33:32,429 log 1559 6198718464 Forbidden (CSRF token missing.): /track-event/
WARNING 2025-06-22 21:37:19,876 log 2013 6168440832 Forbidden (CSRF token missing.): /track-event/
WARNING 2025-06-22 21:37:31,998 log 2013 6168440832 Forbidden (CSRF token missing.): /track-event/
WARNING 2025-06-23 15:17:17,119 log 2013 6168440832 Forbidden (CSRF token missing.): /track-event/
WARNING 2025-06-23 15:17:53,730 log 2013 6168440832 Forbidden (CSRF token missing.): /track-event/
WARNING 2025-06-23 15:18:00,388 log 2013 6168440832 Forbidden (CSRF token missing.): /track-event/
WARNING 2025-06-23 15:18:43,203 log 2013 6168440832 Forbidden (CSRF token missing.): /track-event/
WARNING 2025-06-23 15:19:57,999 log 2013 6325039104 Forbidden (CSRF token missing.): /track-event/
WARNING 2025-06-26 17:59:04,352 log 12198 6171078656 Forbidden (CSRF token missing.): /track-event/
WARNING 2025-06-26 17:59:12,734 log 12198 6187905024 Forbidden (CSRF token missing.): /track-event/
WARNING 2025-06-26 17:59:33,064 log 12198 6171078656 Forbidden (CSRF token missing.): /track-event/
WARNING 2025-06-27 09:23:00,606 log 15682 6194049024 Forbidden (CSRF token missing.): /track-event/
WARNING 2025-06-27 09:23:05,120 log 15682 6194049024 Forbidden (CSRF token missing.): /track-event/
WARNING 2025-06-27 09:23:10,768 log 15682 6194049024 Forbidden (CSRF token missing.): /track-event/
WARNING 2025-06-27 09:23:21,167 log 15682 6194049024 Forbidden (CSRF token missing.): /track-event/
WARNING 2025-06-27 09:23:22,275 log 15682 6194049024 Forbidden (CSRF token missing.): /track-event/
WARNING 2025-06-27 09:23:24,404 log 15682 6194049024 Forbidden (CSRF token missing.): /track-event/
WARNING 2025-06-27 09:23:25,707 log 15682 6194049024 Forbidden (CSRF token missing.): /track-event/
WARNING 2025-06-27 09:23:33,193 log 15682 6194049024 Forbidden (CSRF token missing.): /track-event/
WARNING 2025-06-27 09:23:51,087 log 15682 6194049024 Forbidden (CSRF token missing.): /track-event/
WARNING 2025-06-27 09:23:54,094 log 15682 6194049024 Forbidden (CSRF token missing.): /track-event/
WARNING 2025-06-27 09:23:55,071 log 15682 6194049024 Forbidden (CSRF token missing.): /track-event/
WARNING 2025-06-27 09:31:03,671 log 15682 6244528128 Forbidden (CSRF token missing.): /track-event/
WARNING 2025-06-27 09:31:18,733 log 15682 6244528128 Forbidden (CSRF token missing.): /track-event/
WARNING 2025-06-27 09:45:37,721 log 16386 6248902656 Forbidden (CSRF token missing.): /track-event/
WARNING 2025-06-27 09:45:51,738 log 16386 6198423552 Forbidden (CSRF token missing.): /track-event/
WARNING 2025-06-27 09:45:52,683 log 16386 6198423552 Forbidden (CSRF token missing.): /track-event/
WARNING 2025-06-27 09:46:09,142 log 16386 6198423552 Forbidden (CSRF token missing.): /track-event/
WARNING 2025-06-27 09:54:32,588 log 16386 6215249920 Forbidden (CSRF token missing.): /track-event/
WARNING 2025-06-27 09:54:34,810 log 16386 6248902656 Forbidden (CSRF token missing.): /track-event/
WARNING 2025-06-27 09:55:10,855 log 16663 6245511168 Forbidden (CSRF token missing.): /track-event/
WARNING 2025-06-27 09:55:18,737 log 16663 6245511168 Forbidden (CSRF token missing.): /track-event/
WARNING 2025-06-27 09:55:19,778 log 16663 6245511168 Forbidden (CSRF token missing.): /track-event/
WARNING 2025-06-27 09:55:20,353 log 16663 6245511168 Forbidden (CSRF token missing.): /track-event/
WARNING 2025-06-27 09:55:20,983 log 16663 6245511168 Forbidden (CSRF token missing.): /track-event/
WARNING 2025-06-27 09:55:21,754 log 16663 6245511168 Forbidden (CSRF token missing.): /track-event/
WARNING 2025-06-27 09:55:22,158 log 16663 6245511168 Forbidden (CSRF token missing.): /track-event/
WARNING 2025-06-27 10:44:16,511 log 17597 6136983552 Forbidden (CSRF token missing.): /track-event/
WARNING 2025-06-27 10:44:21,251 log 17597 6136983552 Forbidden (CSRF token missing.): /track-event/
WARNING 2025-06-27 10:44:22,256 log 17597 6136983552 Forbidden (CSRF token missing.): /track-event/
WARNING 2025-06-27 12:18:47,339 log 17711 6131740672 Forbidden (CSRF cookie not set.): /accounts/register/
WARNING 2025-06-27 12:18:47,343 log 17711 6131740672 Forbidden (CSRF cookie not set.): /accounts/login/
WARNING 2025-06-27 12:20:28,307 log 19095 6171062272 Forbidden (CSRF cookie not set.): /accounts/register/
WARNING 2025-06-27 12:20:28,311 log 19095 6171062272 Forbidden (CSRF cookie not set.): /accounts/login/
WARNING 2025-06-27 12:21:51,203 log 19129 6200291328 Forbidden (CSRF cookie not set.): /accounts/register/
WARNING 2025-06-27 12:21:51,205 log 19129 6200291328 Forbidden (CSRF cookie not set.): /accounts/login/
WARNING 2025-06-27 15:14:36,797 log 21586 6161936384 Forbidden (CSRF cookie not set.): /accounts/register/
WARNING 2025-06-27 15:14:36,801 log 21586 6161936384 Forbidden (CSRF cookie not set.): /accounts/login/
WARNING 2025-06-27 15:14:36,827 log 21586 6161936384 Forbidden (CSRF cookie not set.): /anlagen-listen/
WARNING 2025-06-27 15:14:36,868 log 21586 6161936384 Forbidden (CSRF cookie not set.): /accounts/logout/
WARNING 2025-06-27 15:18:30,654 log 21824 6171209728 Forbidden (CSRF cookie not set.): /accounts/register/
WARNING 2025-06-27 15:18:30,657 log 21824 6171209728 Forbidden (CSRF cookie not set.): /accounts/login/
WARNING 2025-06-27 15:18:30,684 log 21824 6171209728 Forbidden (CSRF cookie not set.): /anlagen-listen/
WARNING 2025-06-27 15:18:30,724 log 21824 6171209728 Forbidden (CSRF cookie not set.): /accounts/logout/
WARNING 2025-06-27 19:26:09,295 log 1604 6151401472 Forbidden (CSRF token missing.): /track-event/
WARNING 2025-06-27 19:29:46,313 log 1681 6159953920 Forbidden (CSRF token missing.): /track-event/
WARNING 2025-06-27 19:29:50,872 log 1681 6176780288 Forbidden (CSRF token missing.): /track-event/
WARNING 2025-06-27 19:58:56,861 log 2723 6209515520 Forbidden (CSRF token missing.): /track-event/
WARNING 2025-06-27 19:58:59,905 log 2723 6209515520 Forbidden (CSRF token missing.): /track-event/
WARNING 2025-06-27 20:02:17,626 log 5070 6247526400 Forbidden (CSRF token missing.): /track-event/
WARNING 2025-06-27 20:02:20,673 log 5070 6247526400 Forbidden (CSRF token missing.): /track-event/
WARNING 2025-06-27 20:03:40,599 log 5070 6180220928 Forbidden (CSRF token missing.): /track-event/
WARNING 2025-06-27 20:13:31,812 log 5070 6213873664 Forbidden (CSRF token missing.): /track-event/
WARNING 2025-06-27 20:13:34,859 log 5070 6213873664 Forbidden (CSRF token missing.): /track-event/
WARNING 2025-06-27 20:16:02,155 log 5070 6197047296 Forbidden (CSRF token missing.): /track-event/
WARNING 2025-06-27 20:16:05,207 log 5070 6197047296 Forbidden (CSRF token missing.): /track-event/
WARNING 2025-06-27 20:20:19,838 log 5070 6197047296 Forbidden (CSRF token missing.): /track-event/
WARNING 2025-06-27 20:20:22,897 log 5070 6197047296 Forbidden (CSRF token missing.): /track-event/
WARNING 2025-06-27 20:23:05,278 log 5070 6230700032 Forbidden (CSRF token missing.): /track-event/
WARNING 2025-06-27 20:23:08,313 log 5070 6230700032 Forbidden (CSRF token missing.): /track-event/
WARNING 2025-06-27 20:24:24,664 log 5070 6180220928 Forbidden (CSRF token missing.): /track-event/
WARNING 2025-06-27 20:24:27,708 log 5070 6180220928 Forbidden (CSRF token missing.): /track-event/
WARNING 2025-06-27 20:25:31,425 log 5070 6180220928 Forbidden (CSRF token missing.): /track-event/
WARNING 2025-06-27 20:25:34,466 log 5070 6180220928 Forbidden (CSRF token missing.): /track-event/
WARNING 2025-06-27 20:49:50,145 log 5070 6213873664 Forbidden (CSRF token missing.): /track-event/
WARNING 2025-06-27 20:49:53,187 log 5070 6213873664 Forbidden (CSRF token missing.): /track-event/
WARNING 2025-06-27 20:51:00,336 log 5070 6180220928 Forbidden (CSRF token missing.): /track-event/
WARNING 2025-06-27 20:51:03,378 log 5070 6180220928 Forbidden (CSRF token missing.): /track-event/
WARNING 2025-06-27 21:00:47,750 log 5070 6213873664 Forbidden (CSRF token missing.): /track-event/
WARNING 2025-06-27 21:00:50,794 log 5070 6213873664 Forbidden (CSRF token missing.): /track-event/
WARNING 2025-06-27 21:20:47,503 log 5070 6213873664 Forbidden (CSRF token missing.): /track-event/
WARNING 2025-06-27 21:20:50,547 log 5070 6213873664 Forbidden (CSRF token missing.): /track-event/
WARNING 2025-06-27 21:21:51,578 log 5070 6247526400 Forbidden (CSRF token missing.): /track-event/
WARNING 2025-06-27 21:21:54,623 log 5070 6247526400 Forbidden (CSRF token missing.): /track-event/
WARNING 2025-06-27 21:39:58,558 log 5070 6180220928 Forbidden (CSRF token missing.): /track-event/
WARNING 2025-06-27 21:40:01,604 log 5070 6180220928 Forbidden (CSRF token missing.): /track-event/
WARNING 2025-07-05 19:36:01,157 log 25116 6166622208 Forbidden (CSRF cookie not set.): /accounts/login/
WARNING 2025-07-05 19:36:16,040 base 25116 6166622208 Session data corrupted
WARNING 2025-07-05 19:37:33,688 log 25116 6305132544 Forbidden (CSRF token missing.): /data/
WARNING 2025-07-05 19:38:15,100 log 28655 6162427904 Forbidden (CSRF token missing.): /accounts/login/
WARNING 2025-07-05 19:39:14,561 log 31324 6125252608 Forbidden (CSRF token missing.): /accounts/login/
WARNING 2025-07-05 19:49:32,863 log 34327 6163001344 Forbidden (CSRF token missing.): /accounts/login/
WARNING 2025-07-06 01:27:14,146 log 55867 6203207680 Forbidden (CSRF token missing.): /accounts/login/
